{
  "RSpec": {
    "coverage": {
      "/Users/jacobkgiberson/Desktop/breakabletoy/live/app/models/user.rb": [
        1,
        null,
        null,
        1,
        null,
        null,
        null,
        1,
        2,
        null,
        null
      ],
      "/Users/jacobkgiberson/Desktop/breakabletoy/live/app/controllers/application_controller.rb": [
        1,
        null,
        null,
        1,
        1,
        null,
        1,
        null,
        1,
        12,
        12,
        12,
        12,
        null,
        null
      ],
      "/Users/jacobkgiberson/Desktop/breakabletoy/live/app/controllers/homes_controller.rb": [
        1,
        1,
        null,
        null
      ]
    },
    "timestamp": 1444065897
  }
}
