{
  "RSpec": {
    "coverage": {
      "/Users/jacobkgiberson/Desktop/breakabletoy/live/app/models/user.rb": [
        1,
        1,
        1,
        null,
        1,
        1,
        null,
        1,
        1,
        1,
        null,
        1,
        null,
        null,
        1,
        null,
        1,
        null,
        1,
        24,
        null,
        null
      ],
      "/Users/jacobkgiberson/Desktop/breakabletoy/live/app/uploaders/profile_photo_uploader.rb": [
        1,
        1,
        0,
        null,
        1,
        null,
        null,
        1,
        2,
        null,
        null
      ],
      "/Users/jacobkgiberson/Desktop/breakabletoy/live/app/models/comment.rb": [
        1,
        1,
        null,
        1,
        1,
        null,
        1,
        1,
        1,
        1,
        null
      ],
      "/Users/jacobkgiberson/Desktop/breakabletoy/live/app/models/event.rb": [
        1,
        1,
        1,
        1,
        1,
        null,
        1,
        1,
        null,
        1,
        1,
        null,
        1,
        null,
        1,
        20,
        null,
        null
      ],
      "/Users/jacobkgiberson/Desktop/breakabletoy/live/app/controllers/application_controller.rb": [
        1,
        null,
        null,
        1,
        1,
        null,
        1,
        null,
        1,
        54,
        54,
        54,
        54,
        null,
        null
      ],
      "/Users/jacobkgiberson/Desktop/breakabletoy/live/app/controllers/events_controller.rb": [
        1,
        1,
        null,
        1,
        36,
        null,
        null,
        1,
        16,
        16,
        16,
        16,
        null,
        null,
        1,
        4,
        null,
        null,
        1,
        3,
        3,
        3,
        3,
        null,
        3,
        2,
        2,
        null,
        1,
        1,
        null,
        null,
        null,
        1,
        null,
        1,
        16,
        null,
        null,
        1,
        3,
        null,
        null
      ],
      "/Users/jacobkgiberson/Desktop/breakabletoy/live/app/controllers/users_controller.rb": [
        1,
        1,
        5,
        null,
        null,
        null,
        null,
        null,
        null,
        1,
        10,
        10,
        10,
        null,
        null,
        1,
        1,
        1,
        1,
        1,
        null,
        1,
        null,
        null,
        1,
        1,
        1,
        null,
        1,
        1,
        null,
        null,
        1,
        null,
        1,
        0,
        0,
        null,
        null,
        null
      ],
      "/Users/jacobkgiberson/Desktop/breakabletoy/live/app/models/friendship.rb": [
        1,
        1,
        1,
        1,
        null
      ],
      "/Users/jacobkgiberson/Desktop/breakabletoy/live/app/models/eventuser.rb": [
        1,
        1,
        1,
        null
      ],
      "/Users/jacobkgiberson/Desktop/breakabletoy/live/app/controllers/comments_controller.rb": [
        1,
        1,
        null,
        1,
        4,
        4,
        null,
        null,
        1,
        4,
        4,
        4,
        4,
        3,
        3,
        null,
        1,
        1,
        null,
        null,
        null,
        1,
        1,
        1,
        null,
        null,
        1,
        1,
        1,
        1,
        1,
        null,
        0,
        0,
        null,
        null,
        null,
        1,
        1,
        1,
        null,
        1,
        1,
        null,
        null,
        1,
        null,
        1,
        5,
        null,
        null,
        null
      ],
      "/Users/jacobkgiberson/Desktop/breakabletoy/live/app/controllers/friendships_controller.rb": [
        1,
        1,
        3,
        3,
        3,
        3,
        3,
        null,
        0,
        0,
        null,
        null,
        null,
        1,
        1,
        1,
        1,
        1,
        1,
        null,
        null
      ],
      "/Users/jacobkgiberson/Desktop/breakabletoy/live/app/controllers/eventusers_controller.rb": [
        1,
        1,
        3,
        3,
        3,
        3,
        null,
        null,
        null,
        1,
        1,
        1,
        1,
        1,
        null,
        null,
        1,
        0,
        null,
        null
      ]
    },
    "timestamp": 1444493140
  }
}
